{"level":"info","meesage":"Creando base de datos countryDB","service":"user-service"}
{"level":"info","meesage":"Creando base de datos queryDB","service":"user-service"}
{"level":"info","meesage":"Connecting to Database...","service":"user-service"}
{"level":"info","meesage":"Creando base de datos countryDB","service":"user-service"}
{"level":"info","meesage":"Creando base de datos queryDB","service":"user-service"}
{"level":"info","meesage":"Connecting to Database...","service":"user-service"}
{"level":"info","meesage":"Creando base de datos queryDB","service":"user-service"}
{"level":"info","meesage":"Connecting to Database...","service":"user-service"}
{"level":"info","meesage":"Creando base de datos countryDB","service":"user-service"}
{"level":"info","meesage":"Creando base de datos countryDB","service":"user-service"}
{"level":"info","meesage":"Creando base de datos queryDB","service":"user-service"}
{"level":"info","meesage":"Connecting to Database...","service":"user-service"}
{"level":"info","meesage":"Creando base de datos countryDB","service":"user-service"}
{"level":"info","meesage":"Creando base de datos queryDB","service":"user-service"}
{"level":"info","meesage":"Connecting to Database...","service":"user-service"}
{"level":"info","meesage":"Servicio de registro civil http://localhost:5006/people/ agregado correctamente","service":"user-service"}
{"level":"info","meesage":"Servicio mensajeria http://localhost:5007/sms/ agregado correctamente","service":"user-service"}
{"level":"info","meesage":"Creado correctamente el periodo de vacunacion para vacunatorio undefined","service":"user-service"}
{"level":"info","meesage":"Creado correctamente el periodo de vacunacion para vacunatorio undefined","service":"user-service"}
{"level":"info","meesage":"Creando base de datos countryDB","service":"user-service"}
{"level":"info","meesage":"Creando base de datos queryDB","service":"user-service"}
{"level":"info","meesage":"Connecting to Database...","service":"user-service"}
{"level":"info","meesage":"Creando base de datos queryDB","service":"user-service"}
{"level":"info","meesage":"Connecting to Database...","service":"user-service"}
{"level":"info","meesage":"Creando base de datos countryDB","service":"user-service"}
{"level":"info","meesage":"Creado correctamente el periodo de vacunacion para vacunatorio undefined","service":"user-service"}
{"level":"info","meesage":"Creando base de datos queryDB","service":"user-service"}
{"level":"info","meesage":"Connecting to Database...","service":"user-service"}
{"level":"info","meesage":"Creando base de datos countryDB","service":"user-service"}
{"level":"info","meesage":"Creado correctamente el periodo de vacunacion para vacunatorio undefined","service":"user-service"}
